app/build/intermediates/manifest_merge_blame_file/debug/manifest-merger-blame-debug-report.txt
1<?xml version="1.0" encoding="utf-8"?>
2<manifest xmlns:android="http://schemas.android.com/apk/res/android"
3    package="com.videodl.app"
4    android:versionCode="1"
5    android:versionName="1.0" >
6
7    <uses-sdk
8        android:minSdkVersion="24"
9        android:targetSdkVersion="34" />
10
11    <uses-permission android:name="android.permission.INTERNET" />
11-->src/main/AndroidManifest.xml:5:5-67
11-->src/main/AndroidManifest.xml:5:22-64
12    <uses-permission
12-->src/main/AndroidManifest.xml:6:5-7:38
13        android:name="android.permission.WRITE_EXTERNAL_STORAGE"
13-->src/main/AndroidManifest.xml:6:22-78
14        android:maxSdkVersion="28" />
14-->src/main/AndroidManifest.xml:7:9-35
15    <uses-permission
15-->src/main/AndroidManifest.xml:8:5-9:38
16        android:name="android.permission.READ_EXTERNAL_STORAGE"
16-->src/main/AndroidManifest.xml:8:22-77
17        android:maxSdkVersion="32" />
17-->src/main/AndroidManifest.xml:9:9-35
18    <uses-permission android:name="android.permission.READ_MEDIA_VIDEO" />
18-->src/main/AndroidManifest.xml:10:5-75
18-->src/main/AndroidManifest.xml:10:22-72
19    <uses-permission android:name="android.permission.READ_MEDIA_AUDIO" />
19-->src/main/AndroidManifest.xml:11:5-75
19-->src/main/AndroidManifest.xml:11:22-72
20    <uses-permission android:name="android.permission.POST_NOTIFICATIONS" />
20-->src/main/AndroidManifest.xml:12:5-77
20-->src/main/AndroidManifest.xml:12:22-74
21    <uses-permission android:name="android.permission.FOREGROUND_SERVICE" />
21-->src/main/AndroidManifest.xml:13:5-77
21-->src/main/AndroidManifest.xml:13:22-74
22    <uses-permission android:name="android.permission.FOREGROUND_SERVICE_DATA_SYNC" />
22-->src/main/AndroidManifest.xml:14:5-87
22-->src/main/AndroidManifest.xml:14:22-84
23    <uses-permission android:name="android.permission.WAKE_LOCK" />
23-->[androidx.work:work-runtime:2.9.0] AndroidManifest.xml:23:5-68
23-->[androidx.work:work-runtime:2.9.0] AndroidManifest.xml:23:22-65
24    <uses-permission android:name="android.permission.ACCESS_NETWORK_STATE" />
24-->[androidx.work:work-runtime:2.9.0] AndroidManifest.xml:24:5-79
24-->[androidx.work:work-runtime:2.9.0] AndroidManifest.xml:24:22-76
25    <uses-permission android:name="android.permission.RECEIVE_BOOT_COMPLETED" />
25-->[androidx.work:work-runtime:2.9.0] AndroidManifest.xml:25:5-81
25-->[androidx.work:work-runtime:2.9.0] AndroidManifest.xml:25:22-78
26
27    <permission
27-->[androidx.core:core:1.12.0] AndroidManifest.xml:22:5-24:47
28        android:name="com.videodl.app.DYNAMIC_RECEIVER_NOT_EXPORTED_PERMISSION"
28-->[androidx.core:core:1.12.0] AndroidManifest.xml:23:9-81
29        android:protectionLevel="signature" />
29-->[androidx.core:core:1.12.0] AndroidManifest.xml:24:9-44
30
31    <uses-permission android:name="com.videodl.app.DYNAMIC_RECEIVER_NOT_EXPORTED_PERMISSION" />
31-->[androidx.core:core:1.12.0] AndroidManifest.xml:26:5-97
31-->[androidx.core:core:1.12.0] AndroidManifest.xml:26:22-94
32
33    <application
33-->src/main/AndroidManifest.xml:16:5-79:19
34        android:allowBackup="true"
34-->src/main/AndroidManifest.xml:17:9-35
35        android:appComponentFactory="androidx.core.app.CoreComponentFactory"
35-->[androidx.core:core:1.12.0] AndroidManifest.xml:28:18-86
36        android:dataExtractionRules="@xml/data_extraction_rules"
36-->src/main/AndroidManifest.xml:18:9-65
37        android:debuggable="true"
38        android:extractNativeLibs="true"
38-->src/main/AndroidManifest.xml:23:9-41
39        android:fullBackupContent="@xml/backup_rules"
39-->src/main/AndroidManifest.xml:19:9-54
40        android:icon="@mipmap/ic_launcher"
40-->src/main/AndroidManifest.xml:20:9-43
41        android:label="@string/app_name"
41-->src/main/AndroidManifest.xml:21:9-41
42        android:requestLegacyExternalStorage="true"
42-->src/main/AndroidManifest.xml:26:9-52
43        android:roundIcon="@mipmap/ic_launcher_round"
43-->src/main/AndroidManifest.xml:22:9-54
44        android:supportsRtl="true"
44-->src/main/AndroidManifest.xml:24:9-35
45        android:theme="@style/Theme.VideoDownloader" >
45-->src/main/AndroidManifest.xml:25:9-53
46        <activity
46-->src/main/AndroidManifest.xml:29:9-51:20
47            android:name="com.videodl.app.ui.MainActivity"
47-->src/main/AndroidManifest.xml:30:13-44
48            android:exported="true"
48-->src/main/AndroidManifest.xml:31:13-36
49            android:launchMode="singleTask"
49-->src/main/AndroidManifest.xml:32:13-44
50            android:windowSoftInputMode="adjustResize" >
50-->src/main/AndroidManifest.xml:33:13-55
51            <intent-filter>
51-->src/main/AndroidManifest.xml:34:13-37:29
52                <action android:name="android.intent.action.MAIN" />
52-->src/main/AndroidManifest.xml:35:17-69
52-->src/main/AndroidManifest.xml:35:25-66
53
54                <category android:name="android.intent.category.LAUNCHER" />
54-->src/main/AndroidManifest.xml:36:17-77
54-->src/main/AndroidManifest.xml:36:27-74
55            </intent-filter>
56            <!-- Handle shared URLs from other apps -->
57            <intent-filter>
57-->src/main/AndroidManifest.xml:39:13-43:29
58                <action android:name="android.intent.action.SEND" />
58-->src/main/AndroidManifest.xml:40:17-69
58-->src/main/AndroidManifest.xml:40:25-66
59
60                <category android:name="android.intent.category.DEFAULT" />
60-->src/main/AndroidManifest.xml:41:17-76
60-->src/main/AndroidManifest.xml:41:27-73
61
62                <data android:mimeType="text/plain" />
62-->src/main/AndroidManifest.xml:42:17-55
62-->src/main/AndroidManifest.xml:42:23-52
63            </intent-filter>
64            <intent-filter>
64-->src/main/AndroidManifest.xml:44:13-50:29
65                <action android:name="android.intent.action.VIEW" />
65-->src/main/AndroidManifest.xml:45:17-69
65-->src/main/AndroidManifest.xml:45:25-66
66
67                <category android:name="android.intent.category.DEFAULT" />
67-->src/main/AndroidManifest.xml:41:17-76
67-->src/main/AndroidManifest.xml:41:27-73
68                <category android:name="android.intent.category.BROWSABLE" />
68-->src/main/AndroidManifest.xml:47:17-78
68-->src/main/AndroidManifest.xml:47:27-75
69
70                <data android:scheme="http" />
70-->src/main/AndroidManifest.xml:42:17-55
70-->src/main/AndroidManifest.xml:48:23-44
71                <data android:scheme="https" />
71-->src/main/AndroidManifest.xml:42:17-55
71-->src/main/AndroidManifest.xml:48:23-44
72            </intent-filter>
73        </activity>
74        <activity
74-->src/main/AndroidManifest.xml:53:9-57:58
75            android:name="com.videodl.app.ui.FormatPickerActivity"
75-->src/main/AndroidManifest.xml:54:13-52
76            android:exported="false"
76-->src/main/AndroidManifest.xml:55:13-37
77            android:theme="@style/Theme.VideoDownloader"
77-->src/main/AndroidManifest.xml:56:13-57
78            android:windowSoftInputMode="adjustResize" />
78-->src/main/AndroidManifest.xml:57:13-55
79        <activity
79-->src/main/AndroidManifest.xml:59:9-62:60
80            android:name="com.videodl.app.ui.DownloadsActivity"
80-->src/main/AndroidManifest.xml:60:13-49
81            android:exported="false"
81-->src/main/AndroidManifest.xml:61:13-37
82            android:theme="@style/Theme.VideoDownloader" />
82-->src/main/AndroidManifest.xml:62:13-57
83
84        <service
84-->src/main/AndroidManifest.xml:64:9-67:56
85            android:name="com.videodl.app.download.DownloadService"
85-->src/main/AndroidManifest.xml:65:13-53
86            android:exported="false"
86-->src/main/AndroidManifest.xml:66:13-37
87            android:foregroundServiceType="dataSync" />
87-->src/main/AndroidManifest.xml:67:13-53
88
89        <provider
90            android:name="androidx.core.content.FileProvider"
90-->src/main/AndroidManifest.xml:70:13-62
91            android:authorities="com.videodl.app.fileprovider"
91-->src/main/AndroidManifest.xml:71:13-64
92            android:exported="false"
92-->src/main/AndroidManifest.xml:72:13-37
93            android:grantUriPermissions="true" >
93-->src/main/AndroidManifest.xml:73:13-47
94            <meta-data
94-->src/main/AndroidManifest.xml:74:13-76:54
95                android:name="android.support.FILE_PROVIDER_PATHS"
95-->src/main/AndroidManifest.xml:75:17-67
96                android:resource="@xml/file_paths" />
96-->src/main/AndroidManifest.xml:76:17-51
97        </provider>
98        <provider
98-->[androidx.emoji2:emoji2:1.2.0] AndroidManifest.xml:24:9-32:20
99            android:name="androidx.startup.InitializationProvider"
99-->[androidx.emoji2:emoji2:1.2.0] AndroidManifest.xml:25:13-67
100            android:authorities="com.videodl.app.androidx-startup"
100-->[androidx.emoji2:emoji2:1.2.0] AndroidManifest.xml:26:13-68
101            android:exported="false" >
101-->[androidx.emoji2:emoji2:1.2.0] AndroidManifest.xml:27:13-37
102            <meta-data
102-->[androidx.emoji2:emoji2:1.2.0] AndroidManifest.xml:29:13-31:52
103                android:name="androidx.emoji2.text.EmojiCompatInitializer"
103-->[androidx.emoji2:emoji2:1.2.0] AndroidManifest.xml:30:17-75
104                android:value="androidx.startup" />
104-->[androidx.emoji2:emoji2:1.2.0] AndroidManifest.xml:31:17-49
105            <meta-data
105-->[androidx.work:work-runtime:2.9.0] AndroidManifest.xml:34:13-36:52
106                android:name="androidx.work.WorkManagerInitializer"
106-->[androidx.work:work-runtime:2.9.0] AndroidManifest.xml:35:17-68
107                android:value="androidx.startup" />
107-->[androidx.work:work-runtime:2.9.0] AndroidManifest.xml:36:17-49
108            <meta-data
108-->[androidx.lifecycle:lifecycle-process:2.7.0] AndroidManifest.xml:29:13-31:52
109                android:name="androidx.lifecycle.ProcessLifecycleInitializer"
109-->[androidx.lifecycle:lifecycle-process:2.7.0] AndroidManifest.xml:30:17-78
110                android:value="androidx.startup" />
110-->[androidx.lifecycle:lifecycle-process:2.7.0] AndroidManifest.xml:31:17-49
111            <meta-data
111-->[androidx.profileinstaller:profileinstaller:1.3.0] AndroidManifest.xml:29:13-31:52
112                android:name="androidx.profileinstaller.ProfileInstallerInitializer"
112-->[androidx.profileinstaller:profileinstaller:1.3.0] AndroidManifest.xml:30:17-85
113                android:value="androidx.startup" />
113-->[androidx.profileinstaller:profileinstaller:1.3.0] AndroidManifest.xml:31:17-49
114        </provider>
115
116        <service
116-->[androidx.work:work-runtime:2.9.0] AndroidManifest.xml:39:9-45:35
117            android:name="androidx.work.impl.background.systemalarm.SystemAlarmService"
117-->[androidx.work:work-runtime:2.9.0] AndroidManifest.xml:40:13-88
118            android:directBootAware="false"
118-->[androidx.work:work-runtime:2.9.0] AndroidManifest.xml:41:13-44
119            android:enabled="@bool/enable_system_alarm_service_default"
119-->[androidx.work:work-runtime:2.9.0] AndroidManifest.xml:42:13-72
120            android:exported="false" />
120-->[androidx.work:work-runtime:2.9.0] AndroidManifest.xml:43:13-37
121        <service
121-->[androidx.work:work-runtime:2.9.0] AndroidManifest.xml:46:9-52:35
122            android:name="androidx.work.impl.background.systemjob.SystemJobService"
122-->[androidx.work:work-runtime:2.9.0] AndroidManifest.xml:47:13-84
123            android:directBootAware="false"
123-->[androidx.work:work-runtime:2.9.0] AndroidManifest.xml:48:13-44
124            android:enabled="@bool/enable_system_job_service_default"
124-->[androidx.work:work-runtime:2.9.0] AndroidManifest.xml:49:13-70
125            android:exported="true"
125-->[androidx.work:work-runtime:2.9.0] AndroidManifest.xml:50:13-36
126            android:permission="android.permission.BIND_JOB_SERVICE" />
126-->[androidx.work:work-runtime:2.9.0] AndroidManifest.xml:51:13-69
127        <service
127-->[androidx.work:work-runtime:2.9.0] AndroidManifest.xml:53:9-59:35
128            android:name="androidx.work.impl.foreground.SystemForegroundService"
128-->[androidx.work:work-runtime:2.9.0] AndroidManifest.xml:54:13-81
129            android:directBootAware="false"
129-->[androidx.work:work-runtime:2.9.0] AndroidManifest.xml:55:13-44
130            android:enabled="@bool/enable_system_foreground_service_default"
130-->[androidx.work:work-runtime:2.9.0] AndroidManifest.xml:56:13-77
131            android:exported="false" />
131-->[androidx.work:work-runtime:2.9.0] AndroidManifest.xml:57:13-37
132
133        <receiver
133-->[androidx.work:work-runtime:2.9.0] AndroidManifest.xml:61:9-66:35
134            android:name="androidx.work.impl.utils.ForceStopRunnable$BroadcastReceiver"
134-->[androidx.work:work-runtime:2.9.0] AndroidManifest.xml:62:13-88
135            android:directBootAware="false"
135-->[androidx.work:work-runtime:2.9.0] AndroidManifest.xml:63:13-44
136            android:enabled="true"
136-->[androidx.work:work-runtime:2.9.0] AndroidManifest.xml:64:13-35
137            android:exported="false" />
137-->[androidx.work:work-runtime:2.9.0] AndroidManifest.xml:65:13-37
138        <receiver
138-->[androidx.work:work-runtime:2.9.0] AndroidManifest.xml:67:9-77:20
139            android:name="androidx.work.impl.background.systemalarm.ConstraintProxy$BatteryChargingProxy"
139-->[androidx.work:work-runtime:2.9.0] AndroidManifest.xml:68:13-106
140            android:directBootAware="false"
140-->[androidx.work:work-runtime:2.9.0] AndroidManifest.xml:69:13-44
141            android:enabled="false"
141-->[androidx.work:work-runtime:2.9.0] AndroidManifest.xml:70:13-36
142            android:exported="false" >
142-->[androidx.work:work-runtime:2.9.0] AndroidManifest.xml:71:13-37
143            <intent-filter>
143-->[androidx.work:work-runtime:2.9.0] AndroidManifest.xml:73:13-76:29
144                <action android:name="android.intent.action.ACTION_POWER_CONNECTED" />
144-->[androidx.work:work-runtime:2.9.0] AndroidManifest.xml:74:17-87
144-->[androidx.work:work-runtime:2.9.0] AndroidManifest.xml:74:25-84
145                <action android:name="android.intent.action.ACTION_POWER_DISCONNECTED" />
145-->[androidx.work:work-runtime:2.9.0] AndroidManifest.xml:75:17-90
145-->[androidx.work:work-runtime:2.9.0] AndroidManifest.xml:75:25-87
146            </intent-filter>
147        </receiver>
148        <receiver
148-->[androidx.work:work-runtime:2.9.0] AndroidManifest.xml:78:9-88:20
149            android:name="androidx.work.impl.background.systemalarm.ConstraintProxy$BatteryNotLowProxy"
149-->[androidx.work:work-runtime:2.9.0] AndroidManifest.xml:79:13-104
150            android:directBootAware="false"
150-->[androidx.work:work-runtime:2.9.0] AndroidManifest.xml:80:13-44
151            android:enabled="false"
151-->[androidx.work:work-runtime:2.9.0] AndroidManifest.xml:81:13-36
152            android:exported="false" >
152-->[androidx.work:work-runtime:2.9.0] AndroidManifest.xml:82:13-37
153            <intent-filter>
153-->[androidx.work:work-runtime:2.9.0] AndroidManifest.xml:84:13-87:29
154                <action android:name="android.intent.action.BATTERY_OKAY" />
154-->[androidx.work:work-runtime:2.9.0] AndroidManifest.xml:85:17-77
154-->[androidx.work:work-runtime:2.9.0] AndroidManifest.xml:85:25-74
155                <action android:name="android.intent.action.BATTERY_LOW" />
155-->[androidx.work:work-runtime:2.9.0] AndroidManifest.xml:86:17-76
155-->[androidx.work:work-runtime:2.9.0] AndroidManifest.xml:86:25-73
156            </intent-filter>
157        </receiver>
158        <receiver
158-->[androidx.work:work-runtime:2.9.0] AndroidManifest.xml:89:9-99:20
159            android:name="androidx.work.impl.background.systemalarm.ConstraintProxy$StorageNotLowProxy"
159-->[androidx.work:work-runtime:2.9.0] AndroidManifest.xml:90:13-104
160            android:directBootAware="false"
160-->[androidx.work:work-runtime:2.9.0] AndroidManifest.xml:91:13-44
161            android:enabled="false"
161-->[androidx.work:work-runtime:2.9.0] AndroidManifest.xml:92:13-36
162            android:exported="false" >
162-->[androidx.work:work-runtime:2.9.0] AndroidManifest.xml:93:13-37
163            <intent-filter>
163-->[androidx.work:work-runtime:2.9.0] AndroidManifest.xml:95:13-98:29
164                <action android:name="android.intent.action.DEVICE_STORAGE_LOW" />
164-->[androidx.work:work-runtime:2.9.0] AndroidManifest.xml:96:17-83
164-->[androidx.work:work-runtime:2.9.0] AndroidManifest.xml:96:25-80
165                <action android:name="android.intent.action.DEVICE_STORAGE_OK" />
165-->[androidx.work:work-runtime:2.9.0] AndroidManifest.xml:97:17-82
165-->[androidx.work:work-runtime:2.9.0] AndroidManifest.xml:97:25-79
166            </intent-filter>
167        </receiver>
168        <receiver
168-->[androidx.work:work-runtime:2.9.0] AndroidManifest.xml:100:9-109:20
169            android:name="androidx.work.impl.background.systemalarm.ConstraintProxy$NetworkStateProxy"
169-->[androidx.work:work-runtime:2.9.0] AndroidManifest.xml:101:13-103
170            android:directBootAware="false"
170-->[androidx.work:work-runtime:2.9.0] AndroidManifest.xml:102:13-44
171            android:enabled="false"
171-->[androidx.work:work-runtime:2.9.0] AndroidManifest.xml:103:13-36
172            android:exported="false" >
172-->[androidx.work:work-runtime:2.9.0] AndroidManifest.xml:104:13-37
173            <intent-filter>
173-->[androidx.work:work-runtime:2.9.0] AndroidManifest.xml:106:13-108:29
174                <action android:name="android.net.conn.CONNECTIVITY_CHANGE" />
174-->[androidx.work:work-runtime:2.9.0] AndroidManifest.xml:107:17-79
174-->[androidx.work:work-runtime:2.9.0] AndroidManifest.xml:107:25-76
175            </intent-filter>
176        </receiver>
177        <receiver
177-->[androidx.work:work-runtime:2.9.0] AndroidManifest.xml:110:9-121:20
178            android:name="androidx.work.impl.background.systemalarm.RescheduleReceiver"
178-->[androidx.work:work-runtime:2.9.0] AndroidManifest.xml:111:13-88
179            android:directBootAware="false"
179-->[androidx.work:work-runtime:2.9.0] AndroidManifest.xml:112:13-44
180            android:enabled="false"
180-->[androidx.work:work-runtime:2.9.0] AndroidManifest.xml:113:13-36
181            android:exported="false" >
181-->[androidx.work:work-runtime:2.9.0] AndroidManifest.xml:114:13-37
182            <intent-filter>
182-->[androidx.work:work-runtime:2.9.0] AndroidManifest.xml:116:13-120:29
183                <action android:name="android.intent.action.BOOT_COMPLETED" />
183-->[androidx.work:work-runtime:2.9.0] AndroidManifest.xml:117:17-79
183-->[androidx.work:work-runtime:2.9.0] AndroidManifest.xml:117:25-76
184                <action android:name="android.intent.action.TIME_SET" />
184-->[androidx.work:work-runtime:2.9.0] AndroidManifest.xml:118:17-73
184-->[androidx.work:work-runtime:2.9.0] AndroidManifest.xml:118:25-70
185                <action android:name="android.intent.action.TIMEZONE_CHANGED" />
185-->[androidx.work:work-runtime:2.9.0] AndroidManifest.xml:119:17-81
185-->[androidx.work:work-runtime:2.9.0] AndroidManifest.xml:119:25-78
186            </intent-filter>
187        </receiver>
188        <receiver
188-->[androidx.work:work-runtime:2.9.0] AndroidManifest.xml:122:9-131:20
189            android:name="androidx.work.impl.background.systemalarm.ConstraintProxyUpdateReceiver"
189-->[androidx.work:work-runtime:2.9.0] AndroidManifest.xml:123:13-99
190            android:directBootAware="false"
190-->[androidx.work:work-runtime:2.9.0] AndroidManifest.xml:124:13-44
191            android:enabled="@bool/enable_system_alarm_service_default"
191-->[androidx.work:work-runtime:2.9.0] AndroidManifest.xml:125:13-72
192            android:exported="false" >
192-->[androidx.work:work-runtime:2.9.0] AndroidManifest.xml:126:13-37
193            <intent-filter>
193-->[androidx.work:work-runtime:2.9.0] AndroidManifest.xml:128:13-130:29
194                <action android:name="androidx.work.impl.background.systemalarm.UpdateProxies" />
194-->[androidx.work:work-runtime:2.9.0] AndroidManifest.xml:129:17-98
194-->[androidx.work:work-runtime:2.9.0] AndroidManifest.xml:129:25-95
195            </intent-filter>
196        </receiver>
197        <receiver
197-->[androidx.work:work-runtime:2.9.0] AndroidManifest.xml:132:9-142:20
198            android:name="androidx.work.impl.diagnostics.DiagnosticsReceiver"
198-->[androidx.work:work-runtime:2.9.0] AndroidManifest.xml:133:13-78
199            android:directBootAware="false"
199-->[androidx.work:work-runtime:2.9.0] AndroidManifest.xml:134:13-44
200            android:enabled="true"
200-->[androidx.work:work-runtime:2.9.0] AndroidManifest.xml:135:13-35
201            android:exported="true"
201-->[androidx.work:work-runtime:2.9.0] AndroidManifest.xml:136:13-36
202            android:permission="android.permission.DUMP" >
202-->[androidx.work:work-runtime:2.9.0] AndroidManifest.xml:137:13-57
203            <intent-filter>
203-->[androidx.work:work-runtime:2.9.0] AndroidManifest.xml:139:13-141:29
204                <action android:name="androidx.work.diagnostics.REQUEST_DIAGNOSTICS" />
204-->[androidx.work:work-runtime:2.9.0] AndroidManifest.xml:140:17-88
204-->[androidx.work:work-runtime:2.9.0] AndroidManifest.xml:140:25-85
205            </intent-filter>
206        </receiver>
207
208        <uses-library
208-->[androidx.window:window:1.0.0] AndroidManifest.xml:25:9-27:40
209            android:name="androidx.window.extensions"
209-->[androidx.window:window:1.0.0] AndroidManifest.xml:26:13-54
210            android:required="false" />
210-->[androidx.window:window:1.0.0] AndroidManifest.xml:27:13-37
211        <uses-library
211-->[androidx.window:window:1.0.0] AndroidManifest.xml:28:9-30:40
212            android:name="androidx.window.sidecar"
212-->[androidx.window:window:1.0.0] AndroidManifest.xml:29:13-51
213            android:required="false" />
213-->[androidx.window:window:1.0.0] AndroidManifest.xml:30:13-37
214
215        <service
215-->[androidx.room:room-runtime:2.5.0] AndroidManifest.xml:24:9-28:63
216            android:name="androidx.room.MultiInstanceInvalidationService"
216-->[androidx.room:room-runtime:2.5.0] AndroidManifest.xml:25:13-74
217            android:directBootAware="true"
217-->[androidx.room:room-runtime:2.5.0] AndroidManifest.xml:26:13-43
218            android:exported="false" />
218-->[androidx.room:room-runtime:2.5.0] AndroidManifest.xml:27:13-37
219
220        <receiver
220-->[androidx.profileinstaller:profileinstaller:1.3.0] AndroidManifest.xml:34:9-52:20
221            android:name="androidx.profileinstaller.ProfileInstallReceiver"
221-->[androidx.profileinstaller:profileinstaller:1.3.0] AndroidManifest.xml:35:13-76
222            android:directBootAware="false"
222-->[androidx.profileinstaller:profileinstaller:1.3.0] AndroidManifest.xml:36:13-44
223            android:enabled="true"
223-->[androidx.profileinstaller:profileinstaller:1.3.0] AndroidManifest.xml:37:13-35
224            android:exported="true"
224-->[androidx.profileinstaller:profileinstaller:1.3.0] AndroidManifest.xml:38:13-36
225            android:permission="android.permission.DUMP" >
225-->[androidx.profileinstaller:profileinstaller:1.3.0] AndroidManifest.xml:39:13-57
226            <intent-filter>
226-->[androidx.profileinstaller:profileinstaller:1.3.0] AndroidManifest.xml:40:13-42:29
227                <action android:name="androidx.profileinstaller.action.INSTALL_PROFILE" />
227-->[androidx.profileinstaller:profileinstaller:1.3.0] AndroidManifest.xml:41:17-91
227-->[androidx.profileinstaller:profileinstaller:1.3.0] AndroidManifest.xml:41:25-88
228            </intent-filter>
229            <intent-filter>
229-->[androidx.profileinstaller:profileinstaller:1.3.0] AndroidManifest.xml:43:13-45:29
230                <action android:name="androidx.profileinstaller.action.SKIP_FILE" />
230-->[androidx.profileinstaller:profileinstaller:1.3.0] AndroidManifest.xml:44:17-85
230-->[androidx.profileinstaller:profileinstaller:1.3.0] AndroidManifest.xml:44:25-82
231            </intent-filter>
232            <intent-filter>
232-->[androidx.profileinstaller:profileinstaller:1.3.0] AndroidManifest.xml:46:13-48:29
233                <action android:name="androidx.profileinstaller.action.SAVE_PROFILE" />
233-->[androidx.profileinstaller:profileinstaller:1.3.0] AndroidManifest.xml:47:17-88
233-->[androidx.profileinstaller:profileinstaller:1.3.0] AndroidManifest.xml:47:25-85
234            </intent-filter>
235            <intent-filter>
235-->[androidx.profileinstaller:profileinstaller:1.3.0] AndroidManifest.xml:49:13-51:29
236                <action android:name="androidx.profileinstaller.action.BENCHMARK_OPERATION" />
236-->[androidx.profileinstaller:profileinstaller:1.3.0] AndroidManifest.xml:50:17-95
236-->[androidx.profileinstaller:profileinstaller:1.3.0] AndroidManifest.xml:50:25-92
237            </intent-filter>
238        </receiver>
239    </application>
240
241</manifest>